-------------------------------------------------------------------------------
Test set: org.codehaus.modello.plugin.store.StoreModelloGeneratorTest
-------------------------------------------------------------------------------
Tests run: 1, Failures: 0, Errors: 1, Skipped: 0, Time elapsed: 0.596 sec <<< FAILURE!
store(org.codehaus.modello.plugin.store.StoreModelloGeneratorTest)  Time elapsed: 0.563 sec  <<< ERROR!
org.codehaus.modello.ModelloException: Error while generating code.
	at org.codehaus.modello.plugin.store.StoreModelloGenerator.writeTemplate(StoreModelloGenerator.java:117)
	at org.codehaus.modello.plugin.store.StoreModelloGenerator.generate(StoreModelloGenerator.java:93)
	at org.codehaus.modello.core.DefaultModelloCore.generate(DefaultModelloCore.java:277)
	at org.codehaus.modello.plugin.store.StoreModelloGeneratorTest.testSimpleInvocation(StoreModelloGeneratorTest.java:60)
	at sun.reflect.NativeMethodAccessorImpl.invoke0(Native Method)
	at sun.reflect.NativeMethodAccessorImpl.invoke(NativeMethodAccessorImpl.java:39)
	at sun.reflect.DelegatingMethodAccessorImpl.invoke(DelegatingMethodAccessorImpl.java:25)
	at java.lang.reflect.Method.invoke(Method.java:324)
	at junit.framework.TestCase.runTest(TestCase.java:154)
	at junit.framework.TestCase.runBare(TestCase.java:127)
	at junit.framework.TestResult$1.protect(TestResult.java:106)
	at junit.framework.TestResult.runProtected(TestResult.java:124)
	at junit.framework.TestResult.run(TestResult.java:109)
	at junit.framework.TestCase.run(TestCase.java:118)
	at junit.framework.TestSuite.runTest(TestSuite.java:208)
	at junit.framework.TestSuite.run(TestSuite.java:203)
	at sun.reflect.NativeMethodAccessorImpl.invoke0(Native Method)
	at sun.reflect.NativeMethodAccessorImpl.invoke(NativeMethodAccessorImpl.java:39)
	at sun.reflect.DelegatingMethodAccessorImpl.invoke(DelegatingMethodAccessorImpl.java:25)
	at java.lang.reflect.Method.invoke(Method.java:324)
	at org.apache.maven.surefire.junit.JUnitTestSet.execute(JUnitTestSet.java:210)
	at org.apache.maven.surefire.suite.AbstractDirectoryTestSuite.executeTestSet(AbstractDirectoryTestSuite.java:135)
	at org.apache.maven.surefire.suite.AbstractDirectoryTestSuite.execute(AbstractDirectoryTestSuite.java:122)
	at org.apache.maven.surefire.Surefire.run(Surefire.java:129)
	at sun.reflect.NativeMethodAccessorImpl.invoke0(Native Method)
	at sun.reflect.NativeMethodAccessorImpl.invoke(NativeMethodAccessorImpl.java:39)
	at sun.reflect.DelegatingMethodAccessorImpl.invoke(DelegatingMethodAccessorImpl.java:25)
	at java.lang.reflect.Method.invoke(Method.java:324)
	at org.apache.maven.surefire.booter.SurefireBooter.runSuitesInProcess(SurefireBooter.java:225)
	at org.apache.maven.surefire.booter.SurefireBooter.main(SurefireBooter.java:747)
Caused by: org.apache.velocity.exception.ResourceNotFoundException: Unable to find resource '/org/codehaus/modello/plugin/store/templates/Store.vm'
	at org.apache.velocity.runtime.resource.ResourceManagerImpl.loadResource(ResourceManagerImpl.java:458)
	at org.apache.velocity.runtime.resource.ResourceManagerImpl.getResource(ResourceManagerImpl.java:341)
	at org.apache.velocity.runtime.RuntimeInstance.getTemplate(RuntimeInstance.java:831)
	at org.apache.velocity.app.VelocityEngine.mergeTemplate(VelocityEngine.java:440)
	at org.apache.velocity.app.VelocityEngine.mergeTemplate(VelocityEngine.java:419)
	at org.codehaus.modello.plugin.store.StoreModelloGenerator.writeTemplate(StoreModelloGenerator.java:109)
	... 29 more

